2021-11-04 14:44:30.861  INFO - [main]  c.wyw.springboot.SpringbootApplication : Starting SpringbootApplication using Java 16 on DESKTOP-DJEADIN with PID 276 (D:\githubcode\springboot\target\classes started by wywfd in D:\githubcode\springboot)
2021-11-04 14:44:30.872  INFO - [main]  c.wyw.springboot.SpringbootApplication : The following profiles are active: dev
2021-11-04 14:44:33.266  INFO - [main]  o.s.d.r.c.RepositoryConfigurationDelegate : Multiple Spring Data modules found, entering strict repository configuration mode!
2021-11-04 14:44:33.270  INFO - [main]  o.s.d.r.c.RepositoryConfigurationDelegate : Bootstrapping Spring Data Redis repositories in DEFAULT mode.
2021-11-04 14:44:33.306  INFO - [main]  o.s.d.r.c.RepositoryConfigurationDelegate : Finished Spring Data repository scanning in 11 ms. Found 0 Redis repository interfaces.
2021-11-04 14:44:33.825  INFO - [main]  o.s.c.s.PostProcessorRegistrationDelegate$BeanPostProcessorChecker : Bean 'redisConfig' of type [com.wyw.springboot.config.RedisConfig$$EnhancerBySpringCGLIB$$a0a075d9] is not eligible for getting processed by all BeanPostProcessors (for example: not eligible for auto-proxying)
2021-11-04 14:44:34.473  INFO - [main]  o.s.b.w.embedded.tomcat.TomcatWebServer : Tomcat initialized with port(s): 8080 (http)
2021-11-04 14:44:34.488  INFO - [main]  o.apache.catalina.core.StandardService : Starting service [Tomcat]
2021-11-04 14:44:34.488  INFO - [main]  org.apache.catalina.core.StandardEngine : Starting Servlet engine: [Apache Tomcat/9.0.53]
2021-11-04 14:44:34.633  INFO - [main]  o.a.c.c.C.[Tomcat].[localhost].[/] : Initializing Spring embedded WebApplicationContext
2021-11-04 14:44:34.634  INFO - [main]  o.s.b.w.s.c.ServletWebServerApplicationContext : Root WebApplicationContext: initialization completed in 3609 ms
2021-11-04 14:44:37.170  WARN - [main]  o.s.b.w.s.c.AnnotationConfigServletWebServerApplicationContext : Exception encountered during context initialization - cancelling refresh attempt: org.springframework.context.ApplicationContextException: Failed to start bean 'webServerStartStop'; nested exception is org.springframework.boot.web.server.PortInUseException: Port 8080 is already in use
2021-11-04 14:44:37.209  INFO - [main]  o.apache.catalina.core.StandardService : Stopping service [Tomcat]
2021-11-04 14:44:37.235  INFO - [main]  o.s.b.a.l.ConditionEvaluationReportLoggingListener : 

Error starting ApplicationContext. To display the conditions report re-run your application with 'debug' enabled.
2021-11-04 14:44:37.267 ERROR - [main]  o.s.b.d.LoggingFailureAnalysisReporter : 

***************************
APPLICATION FAILED TO START
***************************

Description:

Web server failed to start. Port 8080 was already in use.

Action:

Identify and stop the process that's listening on port 8080 or configure this application to listen on another port.

2021-11-04 14:45:42.102  INFO - [main]  c.wyw.springboot.SpringbootApplication : Starting SpringbootApplication using Java 16 on DESKTOP-DJEADIN with PID 10740 (D:\githubcode\springboot\target\classes started by wywfd in D:\githubcode\springboot)
2021-11-04 14:45:42.139  INFO - [main]  c.wyw.springboot.SpringbootApplication : The following profiles are active: dev
2021-11-04 14:45:43.969  INFO - [main]  o.s.d.r.c.RepositoryConfigurationDelegate : Multiple Spring Data modules found, entering strict repository configuration mode!
2021-11-04 14:45:43.975  INFO - [main]  o.s.d.r.c.RepositoryConfigurationDelegate : Bootstrapping Spring Data Redis repositories in DEFAULT mode.
2021-11-04 14:45:44.027  INFO - [main]  o.s.d.r.c.RepositoryConfigurationDelegate : Finished Spring Data repository scanning in 16 ms. Found 0 Redis repository interfaces.
2021-11-04 14:45:44.544  INFO - [main]  o.s.c.s.PostProcessorRegistrationDelegate$BeanPostProcessorChecker : Bean 'redisConfig' of type [com.wyw.springboot.config.RedisConfig$$EnhancerBySpringCGLIB$$fb710c6f] is not eligible for getting processed by all BeanPostProcessors (for example: not eligible for auto-proxying)
2021-11-04 14:45:45.045  INFO - [main]  o.s.b.w.embedded.tomcat.TomcatWebServer : Tomcat initialized with port(s): 8080 (http)
2021-11-04 14:45:45.062  INFO - [main]  o.apache.catalina.core.StandardService : Starting service [Tomcat]
2021-11-04 14:45:45.063  INFO - [main]  org.apache.catalina.core.StandardEngine : Starting Servlet engine: [Apache Tomcat/9.0.53]
2021-11-04 14:45:45.239  INFO - [main]  o.a.c.c.C.[Tomcat].[localhost].[/] : Initializing Spring embedded WebApplicationContext
2021-11-04 14:45:45.240  INFO - [main]  o.s.b.w.s.c.ServletWebServerApplicationContext : Root WebApplicationContext: initialization completed in 2928 ms
2021-11-04 14:45:47.516  WARN - [main]  o.s.b.w.s.c.AnnotationConfigServletWebServerApplicationContext : Exception encountered during context initialization - cancelling refresh attempt: org.springframework.context.ApplicationContextException: Failed to start bean 'webServerStartStop'; nested exception is org.springframework.boot.web.server.PortInUseException: Port 8080 is already in use
2021-11-04 14:45:47.565  INFO - [main]  o.apache.catalina.core.StandardService : Stopping service [Tomcat]
2021-11-04 14:45:47.600  INFO - [main]  o.s.b.a.l.ConditionEvaluationReportLoggingListener : 

Error starting ApplicationContext. To display the conditions report re-run your application with 'debug' enabled.
2021-11-04 14:45:47.632 ERROR - [main]  o.s.b.d.LoggingFailureAnalysisReporter : 

***************************
APPLICATION FAILED TO START
***************************

Description:

Web server failed to start. Port 8080 was already in use.

Action:

Identify and stop the process that's listening on port 8080 or configure this application to listen on another port.

